<?xml version="1.0" encoding="UTF-8"?>
<testsuite xmlns:xsi="http://www.w3.org/2001/XMLSchema-instance" xsi:noNamespaceSchemaLocation="https://maven.apache.org/surefire/maven-surefire-plugin/xsd/surefire-test-report-3.0.xsd" version="3.0" name="TestSuite" time="0.767" tests="7" errors="0" skipped="5" failures="1">
  <properties>
    <property name="java.specification.version" value="24"/>
    <property name="sun.jnu.encoding" value="UTF-8"/>
    <property name="java.class.path" value="/Users/nbuddha/Documents/los-sdet-automation/ui-tests/target/test-classes:/Users/nbuddha/Documents/los-sdet-automation/ui-tests/target/classes:/Users/nbuddha/.m2/repository/org/seleniumhq/selenium/selenium-java/4.21.0/selenium-java-4.21.0.jar:/Users/nbuddha/.m2/repository/org/seleniumhq/selenium/selenium-api/4.21.0/selenium-api-4.21.0.jar:/Users/nbuddha/.m2/repository/org/seleniumhq/selenium/selenium-chrome-driver/4.21.0/selenium-chrome-driver-4.21.0.jar:/Users/nbuddha/.m2/repository/com/google/auto/service/auto-service-annotations/1.1.1/auto-service-annotations-1.1.1.jar:/Users/nbuddha/.m2/repository/org/seleniumhq/selenium/selenium-chromium-driver/4.21.0/selenium-chromium-driver-4.21.0.jar:/Users/nbuddha/.m2/repository/org/seleniumhq/selenium/selenium-json/4.21.0/selenium-json-4.21.0.jar:/Users/nbuddha/.m2/repository/org/seleniumhq/selenium/selenium-manager/4.21.0/selenium-manager-4.21.0.jar:/Users/nbuddha/.m2/repository/org/seleniumhq/selenium/selenium-devtools-v123/4.21.0/selenium-devtools-v123-4.21.0.jar:/Users/nbuddha/.m2/repository/org/seleniumhq/selenium/selenium-devtools-v124/4.21.0/selenium-devtools-v124-4.21.0.jar:/Users/nbuddha/.m2/repository/org/seleniumhq/selenium/selenium-devtools-v125/4.21.0/selenium-devtools-v125-4.21.0.jar:/Users/nbuddha/.m2/repository/org/seleniumhq/selenium/selenium-devtools-v85/4.21.0/selenium-devtools-v85-4.21.0.jar:/Users/nbuddha/.m2/repository/org/seleniumhq/selenium/selenium-edge-driver/4.21.0/selenium-edge-driver-4.21.0.jar:/Users/nbuddha/.m2/repository/org/seleniumhq/selenium/selenium-firefox-driver/4.21.0/selenium-firefox-driver-4.21.0.jar:/Users/nbuddha/.m2/repository/org/seleniumhq/selenium/selenium-http/4.21.0/selenium-http-4.21.0.jar:/Users/nbuddha/.m2/repository/dev/failsafe/failsafe/3.3.2/failsafe-3.3.2.jar:/Users/nbuddha/.m2/repository/org/seleniumhq/selenium/selenium-ie-driver/4.21.0/selenium-ie-driver-4.21.0.jar:/Users/nbuddha/.m2/repository/org/seleniumhq/selenium/selenium-remote-driver/4.21.0/selenium-remote-driver-4.21.0.jar:/Users/nbuddha/.m2/repository/com/google/guava/guava/33.2.0-jre/guava-33.2.0-jre.jar:/Users/nbuddha/.m2/repository/com/google/guava/failureaccess/1.0.2/failureaccess-1.0.2.jar:/Users/nbuddha/.m2/repository/com/google/guava/listenablefuture/9999.0-empty-to-avoid-conflict-with-guava/listenablefuture-9999.0-empty-to-avoid-conflict-with-guava.jar:/Users/nbuddha/.m2/repository/com/google/code/findbugs/jsr305/3.0.2/jsr305-3.0.2.jar:/Users/nbuddha/.m2/repository/org/checkerframework/checker-qual/3.42.0/checker-qual-3.42.0.jar:/Users/nbuddha/.m2/repository/com/google/j2objc/j2objc-annotations/3.0.0/j2objc-annotations-3.0.0.jar:/Users/nbuddha/.m2/repository/io/opentelemetry/semconv/opentelemetry-semconv/1.25.0-alpha/opentelemetry-semconv-1.25.0-alpha.jar:/Users/nbuddha/.m2/repository/io/opentelemetry/opentelemetry-api/1.38.0/opentelemetry-api-1.38.0.jar:/Users/nbuddha/.m2/repository/io/opentelemetry/opentelemetry-context/1.38.0/opentelemetry-context-1.38.0.jar:/Users/nbuddha/.m2/repository/io/opentelemetry/opentelemetry-exporter-logging/1.38.0/opentelemetry-exporter-logging-1.38.0.jar:/Users/nbuddha/.m2/repository/io/opentelemetry/opentelemetry-sdk-common/1.38.0/opentelemetry-sdk-common-1.38.0.jar:/Users/nbuddha/.m2/repository/io/opentelemetry/opentelemetry-sdk-extension-autoconfigure-spi/1.38.0/opentelemetry-sdk-extension-autoconfigure-spi-1.38.0.jar:/Users/nbuddha/.m2/repository/io/opentelemetry/opentelemetry-sdk-extension-autoconfigure/1.38.0/opentelemetry-sdk-extension-autoconfigure-1.38.0.jar:/Users/nbuddha/.m2/repository/io/opentelemetry/opentelemetry-api-incubator/1.38.0-alpha/opentelemetry-api-incubator-1.38.0-alpha.jar:/Users/nbuddha/.m2/repository/io/opentelemetry/opentelemetry-sdk-trace/1.38.0/opentelemetry-sdk-trace-1.38.0.jar:/Users/nbuddha/.m2/repository/io/opentelemetry/opentelemetry-sdk/1.38.0/opentelemetry-sdk-1.38.0.jar:/Users/nbuddha/.m2/repository/io/opentelemetry/opentelemetry-sdk-metrics/1.38.0/opentelemetry-sdk-metrics-1.38.0.jar:/Users/nbuddha/.m2/repository/io/opentelemetry/opentelemetry-sdk-logs/1.38.0/opentelemetry-sdk-logs-1.38.0.jar:/Users/nbuddha/.m2/repository/net/bytebuddy/byte-buddy/1.14.15/byte-buddy-1.14.15.jar:/Users/nbuddha/.m2/repository/org/seleniumhq/selenium/selenium-os/4.21.0/selenium-os-4.21.0.jar:/Users/nbuddha/.m2/repository/org/apache/commons/commons-exec/1.4.0/commons-exec-1.4.0.jar:/Users/nbuddha/.m2/repository/org/seleniumhq/selenium/selenium-safari-driver/4.21.0/selenium-safari-driver-4.21.0.jar:/Users/nbuddha/.m2/repository/org/seleniumhq/selenium/selenium-support/4.21.0/selenium-support-4.21.0.jar:/Users/nbuddha/.m2/repository/io/github/bonigarcia/webdrivermanager/5.9.2/webdrivermanager-5.9.2.jar:/Users/nbuddha/.m2/repository/org/slf4j/slf4j-api/2.0.13/slf4j-api-2.0.13.jar:/Users/nbuddha/.m2/repository/com/google/code/gson/gson/2.11.0/gson-2.11.0.jar:/Users/nbuddha/.m2/repository/com/google/errorprone/error_prone_annotations/2.27.0/error_prone_annotations-2.27.0.jar:/Users/nbuddha/.m2/repository/com/github/docker-java/docker-java/3.4.0/docker-java-3.4.0.jar:/Users/nbuddha/.m2/repository/com/github/docker-java/docker-java-core/3.4.0/docker-java-core-3.4.0.jar:/Users/nbuddha/.m2/repository/com/github/docker-java/docker-java-api/3.4.0/docker-java-api-3.4.0.jar:/Users/nbuddha/.m2/repository/org/slf4j/jcl-over-slf4j/1.7.30/jcl-over-slf4j-1.7.30.jar:/Users/nbuddha/.m2/repository/com/github/docker-java/docker-java-transport-httpclient5/3.4.0/docker-java-transport-httpclient5-3.4.0.jar:/Users/nbuddha/.m2/repository/com/github/docker-java/docker-java-transport/3.4.0/docker-java-transport-3.4.0.jar:/Users/nbuddha/.m2/repository/net/java/dev/jna/jna/5.13.0/jna-5.13.0.jar:/Users/nbuddha/.m2/repository/org/brotli/dec/0.1.2/dec-0.1.2.jar:/Users/nbuddha/.m2/repository/org/apache/commons/commons-lang3/3.15.0/commons-lang3-3.15.0.jar:/Users/nbuddha/.m2/repository/org/apache/commons/commons-compress/1.26.2/commons-compress-1.26.2.jar:/Users/nbuddha/.m2/repository/commons-codec/commons-codec/1.17.0/commons-codec-1.17.0.jar:/Users/nbuddha/.m2/repository/commons-io/commons-io/2.16.1/commons-io-2.16.1.jar:/Users/nbuddha/.m2/repository/org/apache/httpcomponents/client5/httpclient5/5.2.1/httpclient5-5.2.1.jar:/Users/nbuddha/.m2/repository/org/apache/httpcomponents/core5/httpcore5/5.2/httpcore5-5.2.jar:/Users/nbuddha/.m2/repository/org/apache/httpcomponents/core5/httpcore5-h2/5.2/httpcore5-h2-5.2.jar:/Users/nbuddha/.m2/repository/org/testng/testng/7.10.2/testng-7.10.2.jar:/Users/nbuddha/.m2/repository/com/beust/jcommander/1.82/jcommander-1.82.jar:/Users/nbuddha/.m2/repository/org/webjars/jquery/3.7.1/jquery-3.7.1.jar:/Users/nbuddha/.m2/repository/io/qameta/allure/allure-testng/2.29.1/allure-testng-2.29.1.jar:/Users/nbuddha/.m2/repository/io/qameta/allure/allure-java-commons/2.29.1/allure-java-commons-2.29.1.jar:/Users/nbuddha/.m2/repository/io/qameta/allure/allure-model/2.29.1/allure-model-2.29.1.jar:/Users/nbuddha/.m2/repository/io/qameta/allure/allure-test-filter/2.29.1/allure-test-filter-2.29.1.jar:/Users/nbuddha/.m2/repository/com/bank/los/core/1.0.0/core-1.0.0.jar:/Users/nbuddha/.m2/repository/org/assertj/assertj-core/3.26.3/assertj-core-3.26.3.jar:/Users/nbuddha/.m2/repository/com/fasterxml/jackson/core/jackson-databind/2.17.2/jackson-databind-2.17.2.jar:/Users/nbuddha/.m2/repository/com/fasterxml/jackson/core/jackson-annotations/2.17.2/jackson-annotations-2.17.2.jar:/Users/nbuddha/.m2/repository/com/fasterxml/jackson/core/jackson-core/2.17.2/jackson-core-2.17.2.jar:/Users/nbuddha/.m2/repository/io/rest-assured/rest-assured/5.5.0/rest-assured-5.5.0.jar:/Users/nbuddha/.m2/repository/org/apache/groovy/groovy/4.0.22/groovy-4.0.22.jar:/Users/nbuddha/.m2/repository/org/apache/groovy/groovy-xml/4.0.22/groovy-xml-4.0.22.jar:/Users/nbuddha/.m2/repository/org/apache/httpcomponents/httpclient/4.5.13/httpclient-4.5.13.jar:/Users/nbuddha/.m2/repository/org/apache/httpcomponents/httpcore/4.4.13/httpcore-4.4.13.jar:/Users/nbuddha/.m2/repository/commons-logging/commons-logging/1.2/commons-logging-1.2.jar:/Users/nbuddha/.m2/repository/org/apache/httpcomponents/httpmime/4.5.13/httpmime-4.5.13.jar:/Users/nbuddha/.m2/repository/org/hamcrest/hamcrest/2.2/hamcrest-2.2.jar:/Users/nbuddha/.m2/repository/org/ccil/cowan/tagsoup/tagsoup/1.2.1/tagsoup-1.2.1.jar:/Users/nbuddha/.m2/repository/io/rest-assured/json-path/5.5.0/json-path-5.5.0.jar:/Users/nbuddha/.m2/repository/org/apache/groovy/groovy-json/4.0.22/groovy-json-4.0.22.jar:/Users/nbuddha/.m2/repository/io/rest-assured/rest-assured-common/5.5.0/rest-assured-common-5.5.0.jar:/Users/nbuddha/.m2/repository/io/rest-assured/xml-path/5.5.0/xml-path-5.5.0.jar:/Users/nbuddha/.m2/repository/io/rest-assured/json-schema-validator/5.5.0/json-schema-validator-5.5.0.jar:/Users/nbuddha/.m2/repository/com/github/java-json-tools/json-schema-validator/2.2.14/json-schema-validator-2.2.14.jar:/Users/nbuddha/.m2/repository/com/github/java-json-tools/jackson-coreutils-equivalence/1.0/jackson-coreutils-equivalence-1.0.jar:/Users/nbuddha/.m2/repository/com/github/java-json-tools/jackson-coreutils/2.0/jackson-coreutils-2.0.jar:/Users/nbuddha/.m2/repository/com/github/java-json-tools/msg-simple/1.2/msg-simple-1.2.jar:/Users/nbuddha/.m2/repository/com/github/java-json-tools/btf/1.3/btf-1.3.jar:/Users/nbuddha/.m2/repository/com/github/java-json-tools/json-schema-core/1.2.14/json-schema-core-1.2.14.jar:/Users/nbuddha/.m2/repository/com/github/java-json-tools/uri-template/0.10/uri-template-0.10.jar:/Users/nbuddha/.m2/repository/org/mozilla/rhino/1.7.7.2/rhino-1.7.7.2.jar:/Users/nbuddha/.m2/repository/com/sun/mail/mailapi/1.6.2/mailapi-1.6.2.jar:/Users/nbuddha/.m2/repository/joda-time/joda-time/2.10.5/joda-time-2.10.5.jar:/Users/nbuddha/.m2/repository/com/googlecode/libphonenumber/libphonenumber/8.11.1/libphonenumber-8.11.1.jar:/Users/nbuddha/.m2/repository/net/sf/jopt-simple/jopt-simple/5.0.4/jopt-simple-5.0.4.jar:"/>
    <property name="java.vm.vendor" value="Homebrew"/>
    <property name="sun.arch.data.model" value="64"/>
    <property name="java.vendor.url" value="https://github.com/Homebrew/homebrew-core/issues"/>
    <property name="user.timezone" value="America/Phoenix"/>
    <property name="os.name" value="Mac OS X"/>
    <property name="java.vm.specification.version" value="24"/>
    <property name="sun.java.launcher" value="SUN_STANDARD"/>
    <property name="user.country" value="US"/>
    <property name="sun.boot.library.path" value="/usr/local/Cellar/openjdk/24.0.2/libexec/openjdk.jdk/Contents/Home/lib"/>
    <property name="sun.java.command" value="/Users/nbuddha/Documents/los-sdet-automation/ui-tests/target/surefire/surefirebooter-20251020102335184_3.jar /Users/nbuddha/Documents/los-sdet-automation/ui-tests/target/surefire 2025-10-20T10-23-35_095-jvmRun1 surefire-20251020102335184_1tmp surefire_0-20251020102335184_2tmp"/>
    <property name="http.nonProxyHosts" value="local|*.local|169.254/16|*.169.254/16"/>
    <property name="jdk.debug" value="release"/>
    <property name="surefire.test.class.path" value="/Users/nbuddha/Documents/los-sdet-automation/ui-tests/target/test-classes:/Users/nbuddha/Documents/los-sdet-automation/ui-tests/target/classes:/Users/nbuddha/.m2/repository/org/seleniumhq/selenium/selenium-java/4.21.0/selenium-java-4.21.0.jar:/Users/nbuddha/.m2/repository/org/seleniumhq/selenium/selenium-api/4.21.0/selenium-api-4.21.0.jar:/Users/nbuddha/.m2/repository/org/seleniumhq/selenium/selenium-chrome-driver/4.21.0/selenium-chrome-driver-4.21.0.jar:/Users/nbuddha/.m2/repository/com/google/auto/service/auto-service-annotations/1.1.1/auto-service-annotations-1.1.1.jar:/Users/nbuddha/.m2/repository/org/seleniumhq/selenium/selenium-chromium-driver/4.21.0/selenium-chromium-driver-4.21.0.jar:/Users/nbuddha/.m2/repository/org/seleniumhq/selenium/selenium-json/4.21.0/selenium-json-4.21.0.jar:/Users/nbuddha/.m2/repository/org/seleniumhq/selenium/selenium-manager/4.21.0/selenium-manager-4.21.0.jar:/Users/nbuddha/.m2/repository/org/seleniumhq/selenium/selenium-devtools-v123/4.21.0/selenium-devtools-v123-4.21.0.jar:/Users/nbuddha/.m2/repository/org/seleniumhq/selenium/selenium-devtools-v124/4.21.0/selenium-devtools-v124-4.21.0.jar:/Users/nbuddha/.m2/repository/org/seleniumhq/selenium/selenium-devtools-v125/4.21.0/selenium-devtools-v125-4.21.0.jar:/Users/nbuddha/.m2/repository/org/seleniumhq/selenium/selenium-devtools-v85/4.21.0/selenium-devtools-v85-4.21.0.jar:/Users/nbuddha/.m2/repository/org/seleniumhq/selenium/selenium-edge-driver/4.21.0/selenium-edge-driver-4.21.0.jar:/Users/nbuddha/.m2/repository/org/seleniumhq/selenium/selenium-firefox-driver/4.21.0/selenium-firefox-driver-4.21.0.jar:/Users/nbuddha/.m2/repository/org/seleniumhq/selenium/selenium-http/4.21.0/selenium-http-4.21.0.jar:/Users/nbuddha/.m2/repository/dev/failsafe/failsafe/3.3.2/failsafe-3.3.2.jar:/Users/nbuddha/.m2/repository/org/seleniumhq/selenium/selenium-ie-driver/4.21.0/selenium-ie-driver-4.21.0.jar:/Users/nbuddha/.m2/repository/org/seleniumhq/selenium/selenium-remote-driver/4.21.0/selenium-remote-driver-4.21.0.jar:/Users/nbuddha/.m2/repository/com/google/guava/guava/33.2.0-jre/guava-33.2.0-jre.jar:/Users/nbuddha/.m2/repository/com/google/guava/failureaccess/1.0.2/failureaccess-1.0.2.jar:/Users/nbuddha/.m2/repository/com/google/guava/listenablefuture/9999.0-empty-to-avoid-conflict-with-guava/listenablefuture-9999.0-empty-to-avoid-conflict-with-guava.jar:/Users/nbuddha/.m2/repository/com/google/code/findbugs/jsr305/3.0.2/jsr305-3.0.2.jar:/Users/nbuddha/.m2/repository/org/checkerframework/checker-qual/3.42.0/checker-qual-3.42.0.jar:/Users/nbuddha/.m2/repository/com/google/j2objc/j2objc-annotations/3.0.0/j2objc-annotations-3.0.0.jar:/Users/nbuddha/.m2/repository/io/opentelemetry/semconv/opentelemetry-semconv/1.25.0-alpha/opentelemetry-semconv-1.25.0-alpha.jar:/Users/nbuddha/.m2/repository/io/opentelemetry/opentelemetry-api/1.38.0/opentelemetry-api-1.38.0.jar:/Users/nbuddha/.m2/repository/io/opentelemetry/opentelemetry-context/1.38.0/opentelemetry-context-1.38.0.jar:/Users/nbuddha/.m2/repository/io/opentelemetry/opentelemetry-exporter-logging/1.38.0/opentelemetry-exporter-logging-1.38.0.jar:/Users/nbuddha/.m2/repository/io/opentelemetry/opentelemetry-sdk-common/1.38.0/opentelemetry-sdk-common-1.38.0.jar:/Users/nbuddha/.m2/repository/io/opentelemetry/opentelemetry-sdk-extension-autoconfigure-spi/1.38.0/opentelemetry-sdk-extension-autoconfigure-spi-1.38.0.jar:/Users/nbuddha/.m2/repository/io/opentelemetry/opentelemetry-sdk-extension-autoconfigure/1.38.0/opentelemetry-sdk-extension-autoconfigure-1.38.0.jar:/Users/nbuddha/.m2/repository/io/opentelemetry/opentelemetry-api-incubator/1.38.0-alpha/opentelemetry-api-incubator-1.38.0-alpha.jar:/Users/nbuddha/.m2/repository/io/opentelemetry/opentelemetry-sdk-trace/1.38.0/opentelemetry-sdk-trace-1.38.0.jar:/Users/nbuddha/.m2/repository/io/opentelemetry/opentelemetry-sdk/1.38.0/opentelemetry-sdk-1.38.0.jar:/Users/nbuddha/.m2/repository/io/opentelemetry/opentelemetry-sdk-metrics/1.38.0/opentelemetry-sdk-metrics-1.38.0.jar:/Users/nbuddha/.m2/repository/io/opentelemetry/opentelemetry-sdk-logs/1.38.0/opentelemetry-sdk-logs-1.38.0.jar:/Users/nbuddha/.m2/repository/net/bytebuddy/byte-buddy/1.14.15/byte-buddy-1.14.15.jar:/Users/nbuddha/.m2/repository/org/seleniumhq/selenium/selenium-os/4.21.0/selenium-os-4.21.0.jar:/Users/nbuddha/.m2/repository/org/apache/commons/commons-exec/1.4.0/commons-exec-1.4.0.jar:/Users/nbuddha/.m2/repository/org/seleniumhq/selenium/selenium-safari-driver/4.21.0/selenium-safari-driver-4.21.0.jar:/Users/nbuddha/.m2/repository/org/seleniumhq/selenium/selenium-support/4.21.0/selenium-support-4.21.0.jar:/Users/nbuddha/.m2/repository/io/github/bonigarcia/webdrivermanager/5.9.2/webdrivermanager-5.9.2.jar:/Users/nbuddha/.m2/repository/org/slf4j/slf4j-api/2.0.13/slf4j-api-2.0.13.jar:/Users/nbuddha/.m2/repository/com/google/code/gson/gson/2.11.0/gson-2.11.0.jar:/Users/nbuddha/.m2/repository/com/google/errorprone/error_prone_annotations/2.27.0/error_prone_annotations-2.27.0.jar:/Users/nbuddha/.m2/repository/com/github/docker-java/docker-java/3.4.0/docker-java-3.4.0.jar:/Users/nbuddha/.m2/repository/com/github/docker-java/docker-java-core/3.4.0/docker-java-core-3.4.0.jar:/Users/nbuddha/.m2/repository/com/github/docker-java/docker-java-api/3.4.0/docker-java-api-3.4.0.jar:/Users/nbuddha/.m2/repository/org/slf4j/jcl-over-slf4j/1.7.30/jcl-over-slf4j-1.7.30.jar:/Users/nbuddha/.m2/repository/com/github/docker-java/docker-java-transport-httpclient5/3.4.0/docker-java-transport-httpclient5-3.4.0.jar:/Users/nbuddha/.m2/repository/com/github/docker-java/docker-java-transport/3.4.0/docker-java-transport-3.4.0.jar:/Users/nbuddha/.m2/repository/net/java/dev/jna/jna/5.13.0/jna-5.13.0.jar:/Users/nbuddha/.m2/repository/org/brotli/dec/0.1.2/dec-0.1.2.jar:/Users/nbuddha/.m2/repository/org/apache/commons/commons-lang3/3.15.0/commons-lang3-3.15.0.jar:/Users/nbuddha/.m2/repository/org/apache/commons/commons-compress/1.26.2/commons-compress-1.26.2.jar:/Users/nbuddha/.m2/repository/commons-codec/commons-codec/1.17.0/commons-codec-1.17.0.jar:/Users/nbuddha/.m2/repository/commons-io/commons-io/2.16.1/commons-io-2.16.1.jar:/Users/nbuddha/.m2/repository/org/apache/httpcomponents/client5/httpclient5/5.2.1/httpclient5-5.2.1.jar:/Users/nbuddha/.m2/repository/org/apache/httpcomponents/core5/httpcore5/5.2/httpcore5-5.2.jar:/Users/nbuddha/.m2/repository/org/apache/httpcomponents/core5/httpcore5-h2/5.2/httpcore5-h2-5.2.jar:/Users/nbuddha/.m2/repository/org/testng/testng/7.10.2/testng-7.10.2.jar:/Users/nbuddha/.m2/repository/com/beust/jcommander/1.82/jcommander-1.82.jar:/Users/nbuddha/.m2/repository/org/webjars/jquery/3.7.1/jquery-3.7.1.jar:/Users/nbuddha/.m2/repository/io/qameta/allure/allure-testng/2.29.1/allure-testng-2.29.1.jar:/Users/nbuddha/.m2/repository/io/qameta/allure/allure-java-commons/2.29.1/allure-java-commons-2.29.1.jar:/Users/nbuddha/.m2/repository/io/qameta/allure/allure-model/2.29.1/allure-model-2.29.1.jar:/Users/nbuddha/.m2/repository/io/qameta/allure/allure-test-filter/2.29.1/allure-test-filter-2.29.1.jar:/Users/nbuddha/.m2/repository/com/bank/los/core/1.0.0/core-1.0.0.jar:/Users/nbuddha/.m2/repository/org/assertj/assertj-core/3.26.3/assertj-core-3.26.3.jar:/Users/nbuddha/.m2/repository/com/fasterxml/jackson/core/jackson-databind/2.17.2/jackson-databind-2.17.2.jar:/Users/nbuddha/.m2/repository/com/fasterxml/jackson/core/jackson-annotations/2.17.2/jackson-annotations-2.17.2.jar:/Users/nbuddha/.m2/repository/com/fasterxml/jackson/core/jackson-core/2.17.2/jackson-core-2.17.2.jar:/Users/nbuddha/.m2/repository/io/rest-assured/rest-assured/5.5.0/rest-assured-5.5.0.jar:/Users/nbuddha/.m2/repository/org/apache/groovy/groovy/4.0.22/groovy-4.0.22.jar:/Users/nbuddha/.m2/repository/org/apache/groovy/groovy-xml/4.0.22/groovy-xml-4.0.22.jar:/Users/nbuddha/.m2/repository/org/apache/httpcomponents/httpclient/4.5.13/httpclient-4.5.13.jar:/Users/nbuddha/.m2/repository/org/apache/httpcomponents/httpcore/4.4.13/httpcore-4.4.13.jar:/Users/nbuddha/.m2/repository/commons-logging/commons-logging/1.2/commons-logging-1.2.jar:/Users/nbuddha/.m2/repository/org/apache/httpcomponents/httpmime/4.5.13/httpmime-4.5.13.jar:/Users/nbuddha/.m2/repository/org/hamcrest/hamcrest/2.2/hamcrest-2.2.jar:/Users/nbuddha/.m2/repository/org/ccil/cowan/tagsoup/tagsoup/1.2.1/tagsoup-1.2.1.jar:/Users/nbuddha/.m2/repository/io/rest-assured/json-path/5.5.0/json-path-5.5.0.jar:/Users/nbuddha/.m2/repository/org/apache/groovy/groovy-json/4.0.22/groovy-json-4.0.22.jar:/Users/nbuddha/.m2/repository/io/rest-assured/rest-assured-common/5.5.0/rest-assured-common-5.5.0.jar:/Users/nbuddha/.m2/repository/io/rest-assured/xml-path/5.5.0/xml-path-5.5.0.jar:/Users/nbuddha/.m2/repository/io/rest-assured/json-schema-validator/5.5.0/json-schema-validator-5.5.0.jar:/Users/nbuddha/.m2/repository/com/github/java-json-tools/json-schema-validator/2.2.14/json-schema-validator-2.2.14.jar:/Users/nbuddha/.m2/repository/com/github/java-json-tools/jackson-coreutils-equivalence/1.0/jackson-coreutils-equivalence-1.0.jar:/Users/nbuddha/.m2/repository/com/github/java-json-tools/jackson-coreutils/2.0/jackson-coreutils-2.0.jar:/Users/nbuddha/.m2/repository/com/github/java-json-tools/msg-simple/1.2/msg-simple-1.2.jar:/Users/nbuddha/.m2/repository/com/github/java-json-tools/btf/1.3/btf-1.3.jar:/Users/nbuddha/.m2/repository/com/github/java-json-tools/json-schema-core/1.2.14/json-schema-core-1.2.14.jar:/Users/nbuddha/.m2/repository/com/github/java-json-tools/uri-template/0.10/uri-template-0.10.jar:/Users/nbuddha/.m2/repository/org/mozilla/rhino/1.7.7.2/rhino-1.7.7.2.jar:/Users/nbuddha/.m2/repository/com/sun/mail/mailapi/1.6.2/mailapi-1.6.2.jar:/Users/nbuddha/.m2/repository/joda-time/joda-time/2.10.5/joda-time-2.10.5.jar:/Users/nbuddha/.m2/repository/com/googlecode/libphonenumber/libphonenumber/8.11.1/libphonenumber-8.11.1.jar:/Users/nbuddha/.m2/repository/net/sf/jopt-simple/jopt-simple/5.0.4/jopt-simple-5.0.4.jar:"/>
    <property name="sun.cpu.endian" value="little"/>
    <property name="user.home" value="/Users/nbuddha"/>
    <property name="user.language" value="en"/>
    <property name="java.specification.vendor" value="Oracle Corporation"/>
    <property name="java.version.date" value="2025-07-15"/>
    <property name="java.home" value="/usr/local/Cellar/openjdk/24.0.2/libexec/openjdk.jdk/Contents/Home"/>
    <property name="file.separator" value="/"/>
    <property name="basedir" value="/Users/nbuddha/Documents/los-sdet-automation/ui-tests"/>
    <property name="java.vm.compressedOopsMode" value="Zero based"/>
    <property name="line.separator" value="&#10;"/>
    <property name="java.vm.specification.vendor" value="Oracle Corporation"/>
    <property name="java.specification.name" value="Java Platform API Specification"/>
    <property name="apple.awt.application.name" value="ForkedBooter"/>
    <property name="surefire.real.class.path" value="/Users/nbuddha/Documents/los-sdet-automation/ui-tests/target/surefire/surefirebooter-20251020102335184_3.jar"/>
    <property name="sun.management.compiler" value="HotSpot 64-Bit Tiered Compilers"/>
    <property name="ftp.nonProxyHosts" value="local|*.local|169.254/16|*.169.254/16"/>
    <property name="java.runtime.version" value="24.0.2"/>
    <property name="user.name" value="nbuddha"/>
    <property name="stdout.encoding" value="UTF-8"/>
    <property name="path.separator" value=":"/>
    <property name="os.version" value="14.6.1"/>
    <property name="java.runtime.name" value="OpenJDK Runtime Environment"/>
    <property name="file.encoding" value="UTF-8"/>
    <property name="java.vm.name" value="OpenJDK 64-Bit Server VM"/>
    <property name="java.vendor.version" value="Homebrew"/>
    <property name="localRepository" value="/Users/nbuddha/.m2/repository"/>
    <property name="java.vendor.url.bug" value="https://github.com/Homebrew/homebrew-core/issues"/>
    <property name="java.io.tmpdir" value="/var/folders/x2/jh622x_54j725y3p3jgfhsq00000gn/T/"/>
    <property name="java.version" value="24.0.2"/>
    <property name="user.dir" value="/Users/nbuddha/Documents/los-sdet-automation/ui-tests"/>
    <property name="os.arch" value="x86_64"/>
    <property name="java.vm.specification.name" value="Java Virtual Machine Specification"/>
    <property name="native.encoding" value="UTF-8"/>
    <property name="java.library.path" value="/Users/nbuddha/Library/Java/Extensions:/Library/Java/Extensions:/Network/Library/Java/Extensions:/System/Library/Java/Extensions:/usr/lib/java:."/>
    <property name="java.vm.info" value="mixed mode, sharing"/>
    <property name="stderr.encoding" value="UTF-8"/>
    <property name="java.vendor" value="Homebrew"/>
    <property name="java.vm.version" value="24.0.2"/>
    <property name="sun.io.unicode.encoding" value="UnicodeBig"/>
    <property name="socksNonProxyHosts" value="local|*.local|169.254/16|*.169.254/16"/>
    <property name="java.class.version" value="68.0"/>
  </properties>
  <testcase name="sanity" classname="com.bank.los.ui.tests.HelloUiTest" time="0.005">
    <system-err><![CDATA[SLF4J(W): No SLF4J providers were found.
SLF4J(W): Defaulting to no-operation (NOP) logger implementation
SLF4J(W): See https://www.slf4j.org/codes.html#noProviders for further details.
]]></system-err>
  </testcase>
  <testcase name="setup" classname="com.bank.los.tests.LoginTest" time="0.098">
    <failure type="java.lang.ExceptionInInitializerError"><![CDATA[java.lang.ExceptionInInitializerError
	at com.bank.los.core.ui.DriverFactory.initDriver(DriverFactory.java:16)
	at com.bank.los.tests.LoginTest.setup(LoginTest.java:27)
	at java.base/jdk.internal.reflect.DirectMethodHandleAccessor.invoke(DirectMethodHandleAccessor.java:104)
	at java.base/java.lang.reflect.Method.invoke(Method.java:565)
	at org.testng.internal.invokers.MethodInvocationHelper.invokeMethod(MethodInvocationHelper.java:141)
	at org.testng.internal.invokers.MethodInvocationHelper.invokeMethodConsideringTimeout(MethodInvocationHelper.java:71)
	at org.testng.internal.invokers.ConfigInvoker.invokeConfigurationMethod(ConfigInvoker.java:400)
	at org.testng.internal.invokers.ConfigInvoker.invokeConfigurations(ConfigInvoker.java:333)
	at org.testng.internal.invokers.TestInvoker.runConfigMethods(TestInvoker.java:833)
	at org.testng.internal.invokers.TestInvoker.invokeMethod(TestInvoker.java:600)
	at org.testng.internal.invokers.TestInvoker.invokeTestMethod(TestInvoker.java:230)
	at org.testng.internal.invokers.MethodRunner.runInSequence(MethodRunner.java:63)
	at org.testng.internal.invokers.TestInvoker$MethodInvocationAgent.invoke(TestInvoker.java:992)
	at org.testng.internal.invokers.TestInvoker.invokeTestMethods(TestInvoker.java:203)
	at org.testng.internal.invokers.TestMethodWorker.invokeTestMethods(TestMethodWorker.java:154)
	at org.testng.internal.invokers.TestMethodWorker.run(TestMethodWorker.java:134)
	at java.base/java.util.ArrayList.forEach(ArrayList.java:1604)
	at org.testng.TestRunner.privateRun(TestRunner.java:739)
	at org.testng.TestRunner.run(TestRunner.java:614)
	at org.testng.SuiteRunner.runTest(SuiteRunner.java:421)
	at org.testng.SuiteRunner.runSequentially(SuiteRunner.java:413)
	at org.testng.SuiteRunner.privateRun(SuiteRunner.java:373)
	at org.testng.SuiteRunner.run(SuiteRunner.java:312)
	at org.testng.SuiteRunnerWorker.runSuite(SuiteRunnerWorker.java:52)
	at org.testng.SuiteRunnerWorker.run(SuiteRunnerWorker.java:95)
	at org.testng.TestNG.runSuitesSequentially(TestNG.java:1274)
	at org.testng.TestNG.runSuitesLocally(TestNG.java:1208)
	at org.testng.TestNG.runSuites(TestNG.java:1112)
	at org.testng.TestNG.run(TestNG.java:1079)
	at org.apache.maven.surefire.testng.TestNGExecutor.run(TestNGExecutor.java:155)
	at org.apache.maven.surefire.testng.TestNGDirectoryTestSuite.executeMulti(TestNGDirectoryTestSuite.java:169)
	at org.apache.maven.surefire.testng.TestNGDirectoryTestSuite.execute(TestNGDirectoryTestSuite.java:88)
	at org.apache.maven.surefire.testng.TestNGProvider.invoke(TestNGProvider.java:137)
	at org.apache.maven.surefire.booter.ForkedBooter.runSuitesInProcess(ForkedBooter.java:385)
	at org.apache.maven.surefire.booter.ForkedBooter.execute(ForkedBooter.java:162)
	at org.apache.maven.surefire.booter.ForkedBooter.run(ForkedBooter.java:507)
	at org.apache.maven.surefire.booter.ForkedBooter.main(ForkedBooter.java:495)
Caused by: java.lang.RuntimeException: ❌ Failed to load configuration file for environment: qa
	at com.bank.los.core.config.ConfigReader.loadConfig(ConfigReader.java:23)
	at com.bank.los.core.config.ConfigReader.<clinit>(ConfigReader.java:11)
	... 37 more
Caused by: java.io.FileNotFoundException: core/src/main/resources/config.qa.properties (No such file or directory)
	at java.base/java.io.FileInputStream.open0(Native Method)
	at java.base/java.io.FileInputStream.open(FileInputStream.java:185)
	at java.base/java.io.FileInputStream.<init>(FileInputStream.java:139)
	at java.base/java.io.FileInputStream.<init>(FileInputStream.java:109)
	at com.bank.los.core.config.ConfigReader.loadConfig(ConfigReader.java:19)
	... 38 more
]]></failure>
  </testcase>
  <testcase name="setup" classname="com.bank.los.tests.LoginTest" time="0.0">
    <skipped/>
  </testcase>
  <testcase name="failForScreenshot" classname="com.bank.los.tests.LoginTest" time="0.0">
    <skipped/>
  </testcase>
  <testcase name="teardown" classname="com.bank.los.tests.LoginTest" time="0.0">
    <skipped/>
  </testcase>
  <testcase name="teardown" classname="com.bank.los.tests.LoginTest" time="0.0">
    <skipped/>
  </testcase>
  <testcase name="validLoginTest" classname="com.bank.los.tests.LoginTest" time="0.0">
    <skipped/>
  </testcase>
</testsuite>