<?xml version="1.0" encoding="UTF-8"?>
<!-- Generated by org.testng.reporters.JUnitReportReporter -->
<testsuite hostname="FTL123456" failures="0" tests="1" name="com.bank.los.ui.tests.HelloUiTest" time="0.048" errors="0" timestamp="2025-10-20T10:23:36 MST" skipped="0">
  <testcase classname="com.bank.los.ui.tests.HelloUiTest" name="sanity" time="0.048"/>
</testsuite> <!-- com.bank.los.ui.tests.HelloUiTest -->
