<?xml version="1.0" encoding="UTF-8"?>
<testsuite xmlns:xsi="http://www.w3.org/2001/XMLSchema-instance" xsi:noNamespaceSchemaLocation="https://maven.apache.org/surefire/maven-surefire-plugin/xsd/surefire-test-report-3.0.xsd" version="3.0" name="com.bank.los.runners.CucumberRegressionRunner" time="1.102" tests="1" errors="0" skipped="0" failures="0">
  <properties>
    <property name="java.specification.version" value="24"/>
    <property name="sun.jnu.encoding" value="UTF-8"/>
    <property name="java.class.path" value="/Users/nbuddha/Documents/los-sdet-automation/api-tests/target/test-classes:/Users/nbuddha/Documents/los-sdet-automation/api-tests/target/classes:/Users/nbuddha/.m2/repository/org/testng/testng/7.10.2/testng-7.10.2.jar:/Users/nbuddha/.m2/repository/org/slf4j/slf4j-api/1.7.36/slf4j-api-1.7.36.jar:/Users/nbuddha/.m2/repository/com/beust/jcommander/1.82/jcommander-1.82.jar:/Users/nbuddha/.m2/repository/org/webjars/jquery/3.7.1/jquery-3.7.1.jar:/Users/nbuddha/.m2/repository/io/cucumber/cucumber-testng/7.18.1/cucumber-testng-7.18.1.jar:/Users/nbuddha/.m2/repository/org/apiguardian/apiguardian-api/1.1.2/apiguardian-api-1.1.2.jar:/Users/nbuddha/.m2/repository/io/cucumber/cucumber-core/7.18.1/cucumber-core-7.18.1.jar:/Users/nbuddha/.m2/repository/io/cucumber/cucumber-gherkin/7.18.1/cucumber-gherkin-7.18.1.jar:/Users/nbuddha/.m2/repository/io/cucumber/cucumber-gherkin-messages/7.18.1/cucumber-gherkin-messages-7.18.1.jar:/Users/nbuddha/.m2/repository/io/cucumber/gherkin/28.0.0/gherkin-28.0.0.jar:/Users/nbuddha/.m2/repository/io/cucumber/messages/24.1.0/messages-24.1.0.jar:/Users/nbuddha/.m2/repository/io/cucumber/testng-xml-formatter/0.2.0/testng-xml-formatter-0.2.0.jar:/Users/nbuddha/.m2/repository/io/cucumber/query/12.2.0/query-12.2.0.jar:/Users/nbuddha/.m2/repository/io/cucumber/tag-expressions/6.1.0/tag-expressions-6.1.0.jar:/Users/nbuddha/.m2/repository/io/cucumber/cucumber-expressions/17.1.0/cucumber-expressions-17.1.0.jar:/Users/nbuddha/.m2/repository/io/cucumber/datatable/7.18.1/datatable-7.18.1.jar:/Users/nbuddha/.m2/repository/io/cucumber/cucumber-plugin/7.18.1/cucumber-plugin-7.18.1.jar:/Users/nbuddha/.m2/repository/io/cucumber/docstring/7.18.1/docstring-7.18.1.jar:/Users/nbuddha/.m2/repository/io/cucumber/html-formatter/21.4.1/html-formatter-21.4.1.jar:/Users/nbuddha/.m2/repository/io/cucumber/junit-xml-formatter/0.5.0/junit-xml-formatter-0.5.0.jar:/Users/nbuddha/.m2/repository/io/cucumber/ci-environment/10.0.1/ci-environment-10.0.1.jar:/Users/nbuddha/.m2/repository/io/qameta/allure/allure-cucumber7-jvm/2.29.1/allure-cucumber7-jvm-2.29.1.jar:/Users/nbuddha/.m2/repository/io/qameta/allure/allure-java-commons/2.29.1/allure-java-commons-2.29.1.jar:/Users/nbuddha/.m2/repository/io/qameta/allure/allure-model/2.29.1/allure-model-2.29.1.jar:/Users/nbuddha/.m2/repository/io/rest-assured/rest-assured/5.5.0/rest-assured-5.5.0.jar:/Users/nbuddha/.m2/repository/org/apache/groovy/groovy/4.0.22/groovy-4.0.22.jar:/Users/nbuddha/.m2/repository/org/apache/groovy/groovy-xml/4.0.22/groovy-xml-4.0.22.jar:/Users/nbuddha/.m2/repository/org/apache/httpcomponents/httpclient/4.5.13/httpclient-4.5.13.jar:/Users/nbuddha/.m2/repository/org/apache/httpcomponents/httpcore/4.4.13/httpcore-4.4.13.jar:/Users/nbuddha/.m2/repository/commons-logging/commons-logging/1.2/commons-logging-1.2.jar:/Users/nbuddha/.m2/repository/commons-codec/commons-codec/1.11/commons-codec-1.11.jar:/Users/nbuddha/.m2/repository/org/apache/httpcomponents/httpmime/4.5.13/httpmime-4.5.13.jar:/Users/nbuddha/.m2/repository/org/hamcrest/hamcrest/2.2/hamcrest-2.2.jar:/Users/nbuddha/.m2/repository/org/ccil/cowan/tagsoup/tagsoup/1.2.1/tagsoup-1.2.1.jar:/Users/nbuddha/.m2/repository/io/rest-assured/json-path/5.5.0/json-path-5.5.0.jar:/Users/nbuddha/.m2/repository/org/apache/groovy/groovy-json/4.0.22/groovy-json-4.0.22.jar:/Users/nbuddha/.m2/repository/io/rest-assured/rest-assured-common/5.5.0/rest-assured-common-5.5.0.jar:/Users/nbuddha/.m2/repository/io/rest-assured/xml-path/5.5.0/xml-path-5.5.0.jar:/Users/nbuddha/.m2/repository/org/apache/commons/commons-lang3/3.11/commons-lang3-3.11.jar:/Users/nbuddha/.m2/repository/org/assertj/assertj-core/3.24.2/assertj-core-3.24.2.jar:/Users/nbuddha/.m2/repository/net/bytebuddy/byte-buddy/1.12.21/byte-buddy-1.12.21.jar:/Users/nbuddha/.m2/repository/io/cucumber/cucumber-java/7.18.1/cucumber-java-7.18.1.jar:"/>
    <property name="java.vm.vendor" value="Homebrew"/>
    <property name="sun.arch.data.model" value="64"/>
    <property name="java.vendor.url" value="https://github.com/Homebrew/homebrew-core/issues"/>
    <property name="user.timezone" value="America/Phoenix"/>
    <property name="os.name" value="Mac OS X"/>
    <property name="java.vm.specification.version" value="24"/>
    <property name="sun.java.launcher" value="SUN_STANDARD"/>
    <property name="user.country" value="US"/>
    <property name="sun.boot.library.path" value="/usr/local/Cellar/openjdk/24.0.2/libexec/openjdk.jdk/Contents/Home/lib"/>
    <property name="sun.java.command" value="/Users/nbuddha/Documents/los-sdet-automation/api-tests/target/surefire/surefirebooter-20251013143303768_3.jar /Users/nbuddha/Documents/los-sdet-automation/api-tests/target/surefire 2025-10-13T14-33-03_654-jvmRun1 surefire-20251013143303768_1tmp surefire_0-20251013143303768_2tmp"/>
    <property name="http.nonProxyHosts" value="local|*.local|169.254/16|*.169.254/16"/>
    <property name="jdk.debug" value="release"/>
    <property name="test" value="com.bank.los.runners.CucumberRegressionRunner"/>
    <property name="surefire.test.class.path" value="/Users/nbuddha/Documents/los-sdet-automation/api-tests/target/test-classes:/Users/nbuddha/Documents/los-sdet-automation/api-tests/target/classes:/Users/nbuddha/.m2/repository/org/testng/testng/7.10.2/testng-7.10.2.jar:/Users/nbuddha/.m2/repository/org/slf4j/slf4j-api/1.7.36/slf4j-api-1.7.36.jar:/Users/nbuddha/.m2/repository/com/beust/jcommander/1.82/jcommander-1.82.jar:/Users/nbuddha/.m2/repository/org/webjars/jquery/3.7.1/jquery-3.7.1.jar:/Users/nbuddha/.m2/repository/io/cucumber/cucumber-testng/7.18.1/cucumber-testng-7.18.1.jar:/Users/nbuddha/.m2/repository/org/apiguardian/apiguardian-api/1.1.2/apiguardian-api-1.1.2.jar:/Users/nbuddha/.m2/repository/io/cucumber/cucumber-core/7.18.1/cucumber-core-7.18.1.jar:/Users/nbuddha/.m2/repository/io/cucumber/cucumber-gherkin/7.18.1/cucumber-gherkin-7.18.1.jar:/Users/nbuddha/.m2/repository/io/cucumber/cucumber-gherkin-messages/7.18.1/cucumber-gherkin-messages-7.18.1.jar:/Users/nbuddha/.m2/repository/io/cucumber/gherkin/28.0.0/gherkin-28.0.0.jar:/Users/nbuddha/.m2/repository/io/cucumber/messages/24.1.0/messages-24.1.0.jar:/Users/nbuddha/.m2/repository/io/cucumber/testng-xml-formatter/0.2.0/testng-xml-formatter-0.2.0.jar:/Users/nbuddha/.m2/repository/io/cucumber/query/12.2.0/query-12.2.0.jar:/Users/nbuddha/.m2/repository/io/cucumber/tag-expressions/6.1.0/tag-expressions-6.1.0.jar:/Users/nbuddha/.m2/repository/io/cucumber/cucumber-expressions/17.1.0/cucumber-expressions-17.1.0.jar:/Users/nbuddha/.m2/repository/io/cucumber/datatable/7.18.1/datatable-7.18.1.jar:/Users/nbuddha/.m2/repository/io/cucumber/cucumber-plugin/7.18.1/cucumber-plugin-7.18.1.jar:/Users/nbuddha/.m2/repository/io/cucumber/docstring/7.18.1/docstring-7.18.1.jar:/Users/nbuddha/.m2/repository/io/cucumber/html-formatter/21.4.1/html-formatter-21.4.1.jar:/Users/nbuddha/.m2/repository/io/cucumber/junit-xml-formatter/0.5.0/junit-xml-formatter-0.5.0.jar:/Users/nbuddha/.m2/repository/io/cucumber/ci-environment/10.0.1/ci-environment-10.0.1.jar:/Users/nbuddha/.m2/repository/io/qameta/allure/allure-cucumber7-jvm/2.29.1/allure-cucumber7-jvm-2.29.1.jar:/Users/nbuddha/.m2/repository/io/qameta/allure/allure-java-commons/2.29.1/allure-java-commons-2.29.1.jar:/Users/nbuddha/.m2/repository/io/qameta/allure/allure-model/2.29.1/allure-model-2.29.1.jar:/Users/nbuddha/.m2/repository/io/rest-assured/rest-assured/5.5.0/rest-assured-5.5.0.jar:/Users/nbuddha/.m2/repository/org/apache/groovy/groovy/4.0.22/groovy-4.0.22.jar:/Users/nbuddha/.m2/repository/org/apache/groovy/groovy-xml/4.0.22/groovy-xml-4.0.22.jar:/Users/nbuddha/.m2/repository/org/apache/httpcomponents/httpclient/4.5.13/httpclient-4.5.13.jar:/Users/nbuddha/.m2/repository/org/apache/httpcomponents/httpcore/4.4.13/httpcore-4.4.13.jar:/Users/nbuddha/.m2/repository/commons-logging/commons-logging/1.2/commons-logging-1.2.jar:/Users/nbuddha/.m2/repository/commons-codec/commons-codec/1.11/commons-codec-1.11.jar:/Users/nbuddha/.m2/repository/org/apache/httpcomponents/httpmime/4.5.13/httpmime-4.5.13.jar:/Users/nbuddha/.m2/repository/org/hamcrest/hamcrest/2.2/hamcrest-2.2.jar:/Users/nbuddha/.m2/repository/org/ccil/cowan/tagsoup/tagsoup/1.2.1/tagsoup-1.2.1.jar:/Users/nbuddha/.m2/repository/io/rest-assured/json-path/5.5.0/json-path-5.5.0.jar:/Users/nbuddha/.m2/repository/org/apache/groovy/groovy-json/4.0.22/groovy-json-4.0.22.jar:/Users/nbuddha/.m2/repository/io/rest-assured/rest-assured-common/5.5.0/rest-assured-common-5.5.0.jar:/Users/nbuddha/.m2/repository/io/rest-assured/xml-path/5.5.0/xml-path-5.5.0.jar:/Users/nbuddha/.m2/repository/org/apache/commons/commons-lang3/3.11/commons-lang3-3.11.jar:/Users/nbuddha/.m2/repository/org/assertj/assertj-core/3.24.2/assertj-core-3.24.2.jar:/Users/nbuddha/.m2/repository/net/bytebuddy/byte-buddy/1.12.21/byte-buddy-1.12.21.jar:/Users/nbuddha/.m2/repository/io/cucumber/cucumber-java/7.18.1/cucumber-java-7.18.1.jar:"/>
    <property name="sun.cpu.endian" value="little"/>
    <property name="user.home" value="/Users/nbuddha"/>
    <property name="user.language" value="en"/>
    <property name="java.specification.vendor" value="Oracle Corporation"/>
    <property name="java.version.date" value="2025-07-15"/>
    <property name="java.home" value="/usr/local/Cellar/openjdk/24.0.2/libexec/openjdk.jdk/Contents/Home"/>
    <property name="file.separator" value="/"/>
    <property name="basedir" value="/Users/nbuddha/Documents/los-sdet-automation/api-tests"/>
    <property name="java.vm.compressedOopsMode" value="Zero based"/>
    <property name="line.separator" value="&#10;"/>
    <property name="java.vm.specification.vendor" value="Oracle Corporation"/>
    <property name="java.specification.name" value="Java Platform API Specification"/>
    <property name="apple.awt.application.name" value="ForkedBooter"/>
    <property name="surefire.real.class.path" value="/Users/nbuddha/Documents/los-sdet-automation/api-tests/target/surefire/surefirebooter-20251013143303768_3.jar"/>
    <property name="sun.management.compiler" value="HotSpot 64-Bit Tiered Compilers"/>
    <property name="ftp.nonProxyHosts" value="local|*.local|169.254/16|*.169.254/16"/>
    <property name="java.runtime.version" value="24.0.2"/>
    <property name="user.name" value="nbuddha"/>
    <property name="stdout.encoding" value="UTF-8"/>
    <property name="path.separator" value=":"/>
    <property name="os.version" value="14.6.1"/>
    <property name="java.runtime.name" value="OpenJDK Runtime Environment"/>
    <property name="file.encoding" value="UTF-8"/>
    <property name="java.vm.name" value="OpenJDK 64-Bit Server VM"/>
    <property name="java.vendor.version" value="Homebrew"/>
    <property name="localRepository" value="/Users/nbuddha/.m2/repository"/>
    <property name="java.vendor.url.bug" value="https://github.com/Homebrew/homebrew-core/issues"/>
    <property name="java.io.tmpdir" value="/var/folders/x2/jh622x_54j725y3p3jgfhsq00000gn/T/"/>
    <property name="java.version" value="24.0.2"/>
    <property name="user.dir" value="/Users/nbuddha/Documents/los-sdet-automation/api-tests"/>
    <property name="os.arch" value="x86_64"/>
    <property name="java.vm.specification.name" value="Java Virtual Machine Specification"/>
    <property name="env" value="local"/>
    <property name="native.encoding" value="UTF-8"/>
    <property name="java.library.path" value="/Users/nbuddha/Library/Java/Extensions:/Library/Java/Extensions:/Network/Library/Java/Extensions:/System/Library/Java/Extensions:/usr/lib/java:."/>
    <property name="java.vm.info" value="mixed mode, sharing"/>
    <property name="stderr.encoding" value="UTF-8"/>
    <property name="java.vendor" value="Homebrew"/>
    <property name="java.vm.version" value="24.0.2"/>
    <property name="sun.io.unicode.encoding" value="UnicodeBig"/>
    <property name="socksNonProxyHosts" value="local|*.local|169.254/16|*.169.254/16"/>
    <property name="java.class.version" value="68.0"/>
  </properties>
  <testcase name="runScenario[&quot;Happy path approval&quot;, &quot;Loan Application Lifecycle&quot;](1)" classname="com.bank.los.runners.CucumberRegressionRunner" time="0.183">
    <system-out><![CDATA[
@smoke @regression
Scenario: Happy path approval                                             &amp#27;[90m# src/test/resources/features/loan_application.feature:7&amp#27;[0m
Environment set to: local
  &amp#27;[32mGiven &amp#27;[0m&amp#27;[32menvironment is &amp#27;[0m&amp#27;[32m&amp#27;[1m"local"&amp#27;[0m                                            &amp#27;[90m# com.bank.los.steps.EnvSteps.environment_is(java.lang.String)&amp#27;[0m
Member created: FICO 760 | Income 120000
  &amp#27;[32mGiven &amp#27;[0m&amp#27;[32ma member with FICO score &amp#27;[0m&amp#27;[32m&amp#27;[1m760&amp#27;[0m&amp#27;[32m and annualIncome &amp#27;[0m&amp#27;[32m&amp#27;[1m120000&amp#27;[0m              &amp#27;[90m# com.bank.los.steps.LoanSteps.a_member_with_FICO_score_and_annualIncome(java.lang.Integer,java.lang.Integer)&amp#27;[0m
Submitted loan: amount 25000 | term 36
  &amp#27;[32mWhen &amp#27;[0m&amp#27;[32mthe member submits a loan application for amount &amp#27;[0m&amp#27;[32m&amp#27;[1m25000&amp#27;[0m&amp#27;[32m and term &amp#27;[0m&amp#27;[32m&amp#27;[1m36&amp#27;[0m &amp#27;[90m# com.bank.los.steps.LoanSteps.the_member_submits_a_loan_application(java.lang.Integer,java.lang.Integer)&amp#27;[0m
Expected status: SUBMITTED
  &amp#27;[32mThen &amp#27;[0m&amp#27;[32mthe LOS returns status &amp#27;[0m&amp#27;[32m&amp#27;[1m"SUBMITTED"&amp#27;[0m                                 &amp#27;[90m# com.bank.los.steps.LoanSteps.the_LOS_returns_status(java.lang.String)&amp#27;[0m
]]></system-out>
    <system-err><![CDATA[SLF4J: Failed to load class "org.slf4j.impl.StaticLoggerBinder".
SLF4J: Defaulting to no-operation (NOP) logger implementation
SLF4J: See http://www.slf4j.org/codes.html#StaticLoggerBinder for further details.
]]></system-err>
  </testcase>
</testsuite>