<?xml version="1.0" encoding="UTF-8"?>
<!-- Generated by org.testng.reporters.JUnitReportReporter -->
<testsuite hostname="FTL123456" failures="0" tests="1" name="com.bank.los.runners.CucumberRegressionRunner" time="0.183" errors="0" timestamp="2025-10-13T14:33:05 MST" skipped="0">
  <testcase classname="com.bank.los.runners.CucumberRegressionRunner" name="runScenario" time="0.183"/>
</testsuite> <!-- com.bank.los.runners.CucumberRegressionRunner -->
