<?xml version="1.0" encoding="UTF-8"?>
<!-- Generated by org.testng.reporters.JUnitReportReporter -->
<testsuite hostname="FTL123456" failures="0" tests="1" name="com.bank.los.runners.CucumberSmokeRunner" time="0.172" errors="0" timestamp="2025-10-20T10:20:51 MST" skipped="0">
  <testcase classname="com.bank.los.runners.CucumberSmokeRunner" name="runScenario" time="0.172"/>
</testsuite> <!-- com.bank.los.runners.CucumberSmokeRunner -->
